2022-07-10 13:32:45 784 [error] : error 메세지 입니다 - 1수준
2022-07-10 13:32:45 788 [warn] : warn 메세지 입니다 - 2수준
2022-07-10 13:32:45 788 [info] : info 메세지 입니다 - 3수준
2022-07-10 13:32:45 789 [verbose] : verbose 메세지 입니다 - 4수준
2022-07-10 13:47:15 486 [error] : error 메세지 입니다 - 1수준
2022-07-10 13:47:15 490 [warn] : warn 메세지 입니다 - 2수준
2022-07-10 13:47:15 491 [info] : info 메세지 입니다 - 3수준
2022-07-10 13:47:15 491 [verbose] : verbose 메세지 입니다 - 4수준
2022-07-10 13:55:03 839 [error] : error 메세지 입니다
2022-07-10 13:55:03 843 [warn] : warn 메세지 입니다
2022-07-10 13:55:03 844 [info] : info 메세지 입니다
2022-07-10 13:55:27 214 [error] : error 메세지 입니다
2022-07-10 13:55:27 217 [warn] : warn 메세지 입니다
2022-07-10 13:55:27 218 [info] : info 메세지 입니다
2022-07-10 13:56:23 569 [error] : error 메세지 입니다
2022-07-10 13:56:23 572 [warn] : warn 메세지 입니다
2022-07-10 13:56:23 573 [info] : info 메세지 입니다
2022-07-10 14:01:07 856 [error] : error 메세지 입니다
2022-07-10 14:01:07 860 [warn] : warn 메세지 입니다
2022-07-10 14:01:07 861 [info] : info 메세지 입니다
2022-07-10 14:14:04 409 [info] : 14:14:09에 작업이 예약되었습니다.
2022-07-10 14:14:34 253 [info] : 14:14:39에 작업이 예약되었습니다.
2022-07-10 14:16:41 984 [info] : 예약 작업이 설정되었습니다.
2022-07-10 14:20:24 278 [info] : 예약 작업이 설정되었습니다.
2022-07-10 17:31:06 933 [info] : 예약 작업이 설정되었습니다.
2022-07-10 17:31:49 932 [info] : 예약 작업이 설정되었습니다.
2022-07-10 17:32:05 756 [info] : 예약 작업이 설정되었습니다.
2022-07-10 18:37:43 701 [error] : error 메세지 입니다
2022-07-10 18:37:43 702 [warn] : warn 메세지 입니다
2022-07-10 18:37:43 703 [info] : info 메세지 입니다
